<?xml version="1.0" encoding="UTF-8"?>
<testsuites>
    <testsuite name="C:\Users\user\Documents\Projets\yetu\phpunit.xml" tests="205" assertions="119"
        errors="146" failures="20" skipped="0" time="43.226019">
        <testsuite name="Unit" tests="128" assertions="57" errors="98" failures="7" skipped="0"
            time="28.832633">
            <testsuite name="Tests\Unit\DatabaseTest" file="tests\Unit\DatabaseTest.php" tests="1"
                assertions="0" errors="0" failures="0" skipped="0" time="1.069061">
                <testcase name="it lists all schemas and tables"
                    file="tests\Unit\DatabaseTest.php::it lists all schemas and tables"
                    class="Tests\Unit\DatabaseTest" classname="Tests.Unit.DatabaseTest"
                    assertions="0" time="1.069061" />
            </testsuite>
            <testsuite name="Tests\Unit\ExampleTest" file="tests\Unit\ExampleTest.php" tests="1"
                assertions="1" errors="0" failures="0" skipped="0" time="0.422241">
                <testcase name="that true is true"
                    file="tests\Unit\ExampleTest.php::that true is true"
                    class="Tests\Unit\ExampleTest" classname="Tests.Unit.ExampleTest" assertions="1"
                    time="0.422241" />
            </testsuite>
            <testsuite name="Tests\Unit\Models\AvisClientTest"
                file="tests\Unit\Models\AvisClientTest.php" tests="3" assertions="0" errors="3"
                failures="0" skipped="0" time="1.345811">
                <testcase name="it creates a review"
                    file="tests\Unit\Models\AvisClientTest.php::it creates a review"
                    class="Tests\Unit\Models\AvisClientTest"
                    classname="Tests.Unit.Models.AvisClientTest" assertions="0" time="0.417541">
                    <error type="Illuminate\Database\QueryException">it creates a
                        reviewIlluminate\Database\QueryException: SQLSTATE[42P01]: Undefined table:
                        7 ERREUR: la relation « clients » n'existe pas
                        LINE 1: insert into "clients" ("user_id", "type", "civilite", "nom",...
                        ^ (Connection: pgsql, Host: 127.0.0.1, Port: 5432, Database: yetu_test, SQL:
                        insert into "clients" ("user_id", "type", "civilite", "nom", "prenom",
                        "societe", "siret", "code_tva", "email", "telephone", "portable", "fax",
                        "site_web", "notes", "preferences", "date_premier_achat",
                        "date_dernier_achat", "date_derniere_connexion", "total_achats",
                        "nombre_commandes", "total_remises", "chiffre_affaire", "points_fidelite",
                        "niveau_fidelite", "statut", "source", "metadata", "id", "updated_at",
                        "created_at") values (019f0241-9279-7091-8567-62fdecc6a3d8, particulier,
                        Mme, Schroeder, Leonel, Schowalter-Davis, 7711214010689, TL229113333,
                        alexie.erdman@example.net, 336.662.6660, 1-731-964-3784, (239) 766-6193,
                        https://schmitt.com/nisi-quo-accusamus-tempora-ut-ea-est-quam.html,
                        Doloremque consequatur delectus excepturi et sapiente. Rem animi earum ea
                        voluptas quas deserunt., {"language":"fr","currency":"GBP"}, 2025-01-26
                        09:06:44, 2026-05-20 01:35:03, 2026-01-06 12:09:50, 3441.41, 42, 942.97,
                        38607.58, 2101, diamant, fidelise, facebook,
                        {"created_from_ip":"16.243.29.150","referral_code":"debitis"},
                        019f0241-9282-711c-8238-b5ec8c954f52, 2026-06-26 04:47:59, 2026-06-26
                        04:47:59))&#13;
                        at vendor\laravel\framework\src\Illuminate\Database\Connection.php:587
                        at vendor\laravel\framework\src\Illuminate\Database\Connection.php:832
                        at vendor\laravel\framework\src\Illuminate\Database\Connection.php:799
                        at vendor\laravel\framework\src\Illuminate\Database\Connection.php:576
                        at vendor\laravel\framework\src\Illuminate\Database\Connection.php:540
                        at vendor\laravel\framework\src\Illuminate\Database\Query\Builder.php:4164
                        at
                        vendor\laravel\framework\src\Illuminate\Database\Eloquent\Builder.php:2271
                        at vendor\laravel\framework\src\Illuminate\Database\Eloquent\Model.php:1589
                        at vendor\laravel\framework\src\Illuminate\Database\Eloquent\Model.php:1382
                        at
                        vendor\laravel\framework\src\Illuminate\Database\Eloquent\Factories\Factory.php:379
                        at
                        vendor\laravel\framework\src\Illuminate\Collections\Traits\EnumeratesValues.php:275
                        at
                        vendor\laravel\framework\src\Illuminate\Database\Eloquent\Factories\Factory.php:374
                        at
                        vendor\laravel\framework\src\Illuminate\Database\Eloquent\Factories\Factory.php:330
                        at
                        vendor\laravel\framework\src\Illuminate\Database\Eloquent\Factories\Factory.php:592
                        at vendor\laravel\framework\src\Illuminate\Collections\Arr.php:842
                        at vendor\laravel\framework\src\Illuminate\Collections\Collection.php:827
                        at
                        vendor\laravel\framework\src\Illuminate\Database\Eloquent\Factories\Factory.php:584
                        at
                        vendor\laravel\framework\src\Illuminate\Database\Eloquent\Factories\Factory.php:538
                        at
                        vendor\laravel\framework\src\Illuminate\Database\Eloquent\Factories\Factory.php:522
                        at
                        vendor\laravel\framework\src\Illuminate\Database\Eloquent\Concerns\GuardsAttributes.php:185
                        at
                        vendor\laravel\framework\src\Illuminate\Database\Eloquent\Factories\Factory.php:521
                        at
                        vendor\laravel\framework\src\Illuminate\Database\Eloquent\Factories\Factory.php:438
                        at
                        vendor\laravel\framework\src\Illuminate\Database\Eloquent\Factories\Factory.php:327
                        at
                        vendor\laravel\framework\src\Illuminate\Database\Eloquent\Factories\Factory.php:324
                        at tests\Unit\Models\AvisClientTest.php:6
                        Caused by
                        PDOException: SQLSTATE[42P01]: Undefined table: 7 ERREUR: la relation «
                        clients » n'existe pas
                        LINE 1: insert into "clients" ("user_id", "type", "civilite", "nom",...
                        ^

                        at vendor\laravel\framework\src\Illuminate\Database\Connection.php:587
                        at vendor\laravel\framework\src\Illuminate\Database\Connection.php:832
                        at vendor\laravel\framework\src\Illuminate\Database\Connection.php:799
                        at vendor\laravel\framework\src\Illuminate\Database\Connection.php:576
                        at vendor\laravel\framework\src\Illuminate\Database\Connection.php:540
                        at vendor\laravel\framework\src\Illuminate\Database\Query\Builder.php:4164
                        at
                        vendor\laravel\framework\src\Illuminate\Database\Eloquent\Builder.php:2271
                        at vendor\laravel\framework\src\Illuminate\Database\Eloquent\Model.php:1589
                        at vendor\laravel\framework\src\Illuminate\Database\Eloquent\Model.php:1382
                        at
                        vendor\laravel\framework\src\Illuminate\Database\Eloquent\Factories\Factory.php:379
                        at
                        vendor\laravel\framework\src\Illuminate\Collections\Traits\EnumeratesValues.php:275
                        at
                        vendor\laravel\framework\src\Illuminate\Database\Eloquent\Factories\Factory.php:374
                        at
                        vendor\laravel\framework\src\Illuminate\Database\Eloquent\Factories\Factory.php:330
                        at
                        vendor\laravel\framework\src\Illuminate\Database\Eloquent\Factories\Factory.php:592
                        at vendor\laravel\framework\src\Illuminate\Collections\Arr.php:842
                        at vendor\laravel\framework\src\Illuminate\Collections\Collection.php:827
                        at
                        vendor\laravel\framework\src\Illuminate\Database\Eloquent\Factories\Factory.php:584
                        at
                        vendor\laravel\framework\src\Illuminate\Database\Eloquent\Factories\Factory.php:538
                        at
                        vendor\laravel\framework\src\Illuminate\Database\Eloquent\Factories\Factory.php:522
                        at
                        vendor\laravel\framework\src\Illuminate\Database\Eloquent\Concerns\GuardsAttributes.php:185
                        at
                        vendor\laravel\framework\src\Illuminate\Database\Eloquent\Factories\Factory.php:521
                        at
                        vendor\laravel\framework\src\Illuminate\Database\Eloquent\Factories\Factory.php:438
                        at
                        vendor\laravel\framework\src\Illuminate\Database\Eloquent\Factories\Factory.php:327
                        at
                        vendor\laravel\framework\src\Illuminate\Database\Eloquent\Factories\Factory.php:324
                        at tests\Unit\Models\AvisClientTest.php:6</error>
                </testcase>
                <testcase name="it returns note label"
                    file="tests\Unit\Models\AvisClientTest.php::it returns note label"
                    class="Tests\Unit\Models\AvisClientTest"
                    classname="Tests.Unit.Models.AvisClientTest" assertions="0" time="0.427981">
                    <error type="Illuminate\Database\QueryException">it returns note
                        labelIlluminate\Database\QueryException: SQLSTATE[42P01]: Undefined table: 7
                        ERREUR: la relation « clients » n'existe pas
                        LINE 1: insert into "clients" ("user_id", "type", "civilite", "nom",...
                        ^ (Connection: pgsql, Host: 127.0.0.1, Port: 5432, Database: yetu_test, SQL:
                        insert into "clients" ("user_id", "type", "civilite", "nom", "prenom",
                        "societe", "siret", "code_tva", "email", "telephone", "portable", "fax",
                        "site_web", "notes", "preferences", "date_premier_achat",
                        "date_dernier_achat", "date_derniere_connexion", "total_achats",
                        "nombre_commandes", "total_remises", "chiffre_affaire", "points_fidelite",
                        "niveau_fidelite", "statut", "source", "metadata", "id", "updated_at",
                        "created_at") values (019f0241-942d-72ae-9fdf-7f5de00f5d03, particulier,
                        Mlle, Legros, Ward, Gerhold, Powlowski and Halvorson, 2096392319295,
                        TN702794247, fnolan@example.net, 848.716.3504, 1-913-635-5549,
                        +1-325-856-7196,
                        http://www.grant.org/voluptas-incidunt-rem-eum-quaerat-harum.html,
                        Voluptatem natus accusantium modi sint numquam nisi. Et alias eum assumenda
                        vel eum ut., {"language":"en","currency":"GBP"}, 2024-10-10 18:11:50,
                        2025-11-06 14:16:34, 2026-04-20 01:47:17, 1661.43, 75, 701.12, 15146.12,
                        2587, argent, inactif, google,
                        {"created_from_ip":"59.201.144.101","referral_code":"adipisci"},
                        019f0241-9431-72d2-b0dc-0bb98607c872, 2026-06-26 04:48:00, 2026-06-26
                        04:48:00))&#13;
                        at vendor\laravel\framework\src\Illuminate\Database\Connection.php:587
                        at vendor\laravel\framework\src\Illuminate\Database\Connection.php:832
                        at vendor\laravel\framework\src\Illuminate\Database\Connection.php:799
                        at vendor\laravel\framework\src\Illuminate\Database\Connection.php:576
                        at vendor\laravel\framework\src\Illuminate\Database\Connection.php:540
                        at vendor\laravel\framework\src\Illuminate\Database\Query\Builder.php:4164
                        at
                        vendor\laravel\framework\src\Illuminate\Database\Eloquent\Builder.php:2271
                        at vendor\laravel\framework\src\Illuminate\Database\Eloquent\Model.php:1589
                        at vendor\laravel\framework\src\Illuminate\Database\Eloquent\Model.php:1382
                        at
                        vendor\laravel\framework\src\Illuminate\Database\Eloquent\Factories\Factory.php:379
                        at
                        vendor\laravel\framework\src\Illuminate\Collections\Traits\EnumeratesValues.php:275
                        at
                        vendor\laravel\framework\src\Illuminate\Database\Eloquent\Factories\Factory.php:374
                        at
                        vendor\laravel\framework\src\Illuminate\Database\Eloquent\Factories\Factory.php:330
                        at
                        vendor\laravel\framework\src\Illuminate\Database\Eloquent\Factories\Factory.php:592
                        at vendor\laravel\framework\src\Illuminate\Collections\Arr.php:842
                        at vendor\laravel\framework\src\Illuminate\Collections\Collection.php:827
                        at
                        vendor\laravel\framework\src\Illuminate\Database\Eloquent\Factories\Factory.php:584
                        at
                        vendor\laravel\framework\src\Illuminate\Database\Eloquent\Factories\Factory.php:538
                        at
                        vendor\laravel\framework\src\Illuminate\Database\Eloquent\Factories\Factory.php:522
                        at
                        vendor\laravel\framework\src\Illuminate\Database\Eloquent\Concerns\GuardsAttributes.php:185
                        at
                        vendor\laravel\framework\src\Illuminate\Database\Eloquent\Factories\Factory.php:521
                        at
                        vendor\laravel\framework\src\Illuminate\Database\Eloquent\Factories\Factory.php:438
                        at
                        vendor\laravel\framework\src\Illuminate\Database\Eloquent\Factories\Factory.php:327
                        at
                        vendor\laravel\framework\src\Illuminate\Database\Eloquent\Factories\Factory.php:324
                        at tests\Unit\Models\AvisClientTest.php:16
                        Caused by
                        PDOException: SQLSTATE[42P01]: Undefined table: 7 ERREUR: la relation «
                        clients » n'existe pas
                        LINE 1: insert into "clients" ("user_id", "type", "civilite", "nom",...
                        ^

                        at vendor\laravel\framework\src\Illuminate\Database\Connection.php:587
                        at vendor\laravel\framework\src\Illuminate\Database\Connection.php:832
                        at vendor\laravel\framework\src\Illuminate\Database\Connection.php:799
                        at vendor\laravel\framework\src\Illuminate\Database\Connection.php:576
                        at vendor\laravel\framework\src\Illuminate\Database\Connection.php:540
                        at vendor\laravel\framework\src\Illuminate\Database\Query\Builder.php:4164
                        at
                        vendor\laravel\framework\src\Illuminate\Database\Eloquent\Builder.php:2271
                        at vendor\laravel\framework\src\Illuminate\Database\Eloquent\Model.php:1589
                        at vendor\laravel\framework\src\Illuminate\Database\Eloquent\Model.php:1382
                        at
                        vendor\laravel\framework\src\Illuminate\Database\Eloquent\Factories\Factory.php:379
                        at
                        vendor\laravel\framework\src\Illuminate\Collections\Traits\EnumeratesValues.php:275
                        at
                        vendor\laravel\framework\src\Illuminate\Database\Eloquent\Factories\Factory.php:374
                        at
                        vendor\laravel\framework\src\Illuminate\Database\Eloquent\Factories\Factory.php:330
                        at
                        vendor\laravel\framework\src\Illuminate\Database\Eloquent\Factories\Factory.php:592
                        at vendor\laravel\framework\src\Illuminate\Collections\Arr.php:842
                        at vendor\laravel\framework\src\Illuminate\Collections\Collection.php:827
                        at
                        vendor\laravel\framework\src\Illuminate\Database\Eloquent\Factories\Factory.php:584
                        at
                        vendor\laravel\framework\src\Illuminate\Database\Eloquent\Factories\Factory.php:538
                        at
                        vendor\laravel\framework\src\Illuminate\Database\Eloquent\Factories\Factory.php:522
                        at
                        vendor\laravel\framework\src\Illuminate\Database\Eloquent\Concerns\GuardsAttributes.php:185
                        at
                        vendor\laravel\framework\src\Illuminate\Database\Eloquent\Factories\Factory.php:521
                        at
                        vendor\laravel\framework\src\Illuminate\Database\Eloquent\Factories\Factory.php:438
                        at
                        vendor\laravel\framework\src\Illuminate\Database\Eloquent\Factories\Factory.php:327
                        at
                        vendor\laravel\framework\src\Illuminate\Database\Eloquent\Factories\Factory.php:324
                        at tests\Unit\Models\AvisClientTest.php:16</error>
                </testcase>
                <testcase name="it approves review"
                    file="tests\Unit\Models\AvisClientTest.php::it approves review"
                    class="Tests\Unit\Models\AvisClientTest"
                    classname="Tests.Unit.Models.AvisClientTest" assertions="0" time="0.500289">
                    <error type="Illuminate\Database\QueryException">it approves
                        reviewIlluminate\Database\QueryException: SQLSTATE[42P01]: Undefined table:
                        7 ERREUR: la relation « clients » n'existe pas
                        LINE 1: insert into "clients" ("user_id", "type", "civilite", "nom",...
                        ^ (Connection: pgsql, Host: 127.0.0.1, Port: 5432, Database: yetu_test, SQL:
                        insert into "clients" ("user_id", "type", "civilite", "nom", "prenom",
                        "societe", "siret", "code_tva", "email", "telephone", "portable", "fax",
                        "site_web", "notes", "preferences", "date_premier_achat",
                        "date_dernier_achat", "date_derniere_connexion", "total_achats",
                        "nombre_commandes", "total_remises", "chiffre_affaire", "points_fidelite",
                        "niveau_fidelite", "statut", "source", "metadata", "id", "updated_at",
                        "created_at") values (019f0241-9621-7344-909c-8ccf48510d45, particulier, M.,
                        Watsica, Liliana, Reichel and Sons, 2242044242052, EH571029219,
                        julia56@example.org, 517.669.5180, 815.320.8680, +1-601-280-6101,
                        http://www.abernathy.com/quidem-nostrum-quo-odio-excepturi.html, Odio
                        quaerat ex sit praesentium dolorum. Quis hic facilis quisquam enim possimus
                        sed placeat. In adipisci dolorem mollitia molestias optio itaque at hic.
                        Illum et recusandae doloribus et., {"language":"es","currency":"USD"},
                        2025-04-04 14:58:46, 2025-10-26 04:25:40, 2026-01-13 12:44:47, 9016.67, 52,
                        622.7, 10346.22, 602, argent, suspendu, google,
                        {"created_from_ip":"195.112.76.38","referral_code":"id"},
                        019f0241-9626-7251-96f9-549d1e915199, 2026-06-26 04:48:00, 2026-06-26
                        04:48:00))&#13;
                        at vendor\laravel\framework\src\Illuminate\Database\Connection.php:587
                        at vendor\laravel\framework\src\Illuminate\Database\Connection.php:832
                        at vendor\laravel\framework\src\Illuminate\Database\Connection.php:799
                        at vendor\laravel\framework\src\Illuminate\Database\Connection.php:576
                        at vendor\laravel\framework\src\Illuminate\Database\Connection.php:540
                        at vendor\laravel\framework\src\Illuminate\Database\Query\Builder.php:4164
                        at
                        vendor\laravel\framework\src\Illuminate\Database\Eloquent\Builder.php:2271
                        at vendor\laravel\framework\src\Illuminate\Database\Eloquent\Model.php:1589
                        at vendor\laravel\framework\src\Illuminate\Database\Eloquent\Model.php:1382
                        at
                        vendor\laravel\framework\src\Illuminate\Database\Eloquent\Factories\Factory.php:379
                        at
                        vendor\laravel\framework\src\Illuminate\Collections\Traits\EnumeratesValues.php:275
                        at
                        vendor\laravel\framework\src\Illuminate\Database\Eloquent\Factories\Factory.php:374
                        at
                        vendor\laravel\framework\src\Illuminate\Database\Eloquent\Factories\Factory.php:330
                        at
                        vendor\laravel\framework\src\Illuminate\Database\Eloquent\Factories\Factory.php:592
                        at vendor\laravel\framework\src\Illuminate\Collections\Arr.php:842
                        at vendor\laravel\framework\src\Illuminate\Collections\Collection.php:827
                        at
                        vendor\laravel\framework\src\Illuminate\Database\Eloquent\Factories\Factory.php:584
                        at
                        vendor\laravel\framework\src\Illuminate\Database\Eloquent\Factories\Factory.php:538
                        at
                        vendor\laravel\framework\src\Illuminate\Database\Eloquent\Factories\Factory.php:522
                        at
                        vendor\laravel\framework\src\Illuminate\Database\Eloquent\Concerns\GuardsAttributes.php:185
                        at
                        vendor\laravel\framework\src\Illuminate\Database\Eloquent\Factories\Factory.php:521
                        at
                        vendor\laravel\framework\src\Illuminate\Database\Eloquent\Factories\Factory.php:438
                        at
                        vendor\laravel\framework\src\Illuminate\Database\Eloquent\Factories\Factory.php:327
                        at
                        vendor\laravel\framework\src\Illuminate\Database\Eloquent\Factories\Factory.php:324
                        at tests\Unit\Models\AvisClientTest.php:24
                        Caused by
                        PDOException: SQLSTATE[42P01]: Undefined table: 7 ERREUR: la relation «
                        clients » n'existe pas
                        LINE 1: insert into "clients" ("user_id", "type", "civilite", "nom",...
                        ^

                        at vendor\laravel\framework\src\Illuminate\Database\Connection.php:587
                        at vendor\laravel\framework\src\Illuminate\Database\Connection.php:832
                        at vendor\laravel\framework\src\Illuminate\Database\Connection.php:799
                        at vendor\laravel\framework\src\Illuminate\Database\Connection.php:576
                        at vendor\laravel\framework\src\Illuminate\Database\Connection.php:540
                        at vendor\laravel\framework\src\Illuminate\Database\Query\Builder.php:4164
                        at
                        vendor\laravel\framework\src\Illuminate\Database\Eloquent\Builder.php:2271
                        at vendor\laravel\framework\src\Illuminate\Database\Eloquent\Model.php:1589
                        at vendor\laravel\framework\src\Illuminate\Database\Eloquent\Model.php:1382
                        at
                        vendor\laravel\framework\src\Illuminate\Database\Eloquent\Factories\Factory.php:379
                        at
                        vendor\laravel\framework\src\Illuminate\Collections\Traits\EnumeratesValues.php:275
                        at
                        vendor\laravel\framework\src\Illuminate\Database\Eloquent\Factories\Factory.php:374
                        at
                        vendor\laravel\framework\src\Illuminate\Database\Eloquent\Factories\Factory.php:330
                        at
                        vendor\laravel\framework\src\Illuminate\Database\Eloquent\Factories\Factory.php:592
                        at vendor\laravel\framework\src\Illuminate\Collections\Arr.php:842
                        at vendor\laravel\framework\src\Illuminate\Collections\Collection.php:827
                        at
                        vendor\laravel\framework\src\Illuminate\Database\Eloquent\Factories\Factory.php:584
                        at
                        vendor\laravel\framework\src\Illuminate\Database\Eloquent\Factories\Factory.php:538
                        at
                        vendor\laravel\framework\src\Illuminate\Database\Eloquent\Factories\Factory.php:522
                        at
                        vendor\laravel\framework\src\Illuminate\Database\Eloquent\Concerns\GuardsAttributes.php:185
                        at
                        vendor\laravel\framework\src\Illuminate\Database\Eloquent\Factories\Factory.php:521
                        at
                        vendor\laravel\framework\src\Illuminate\Database\Eloquent\Factories\Factory.php:438
                        at
                        vendor\laravel\framework\src\Illuminate\Database\Eloquent\Factories\Factory.php:327
                        at
                        vendor\laravel\framework\src\Illuminate\Database\Eloquent\Factories\Factory.php:324
                        at tests\Unit\Models\AvisClientTest.php:24</error>
                </testcase>
            </testsuite>
            <testsuite name="Tests\Unit\Models\ClientTest" file="tests\Unit\Models\ClientTest.php"
                tests="4" assertions="0" errors="4" failures="0" skipped="0" time="1.516138">
                <testcase name="it computes full name for individual"
                    file="tests\Unit\Models\ClientTest.php::it computes full name for individual"
                    class="Tests\Unit\Models\ClientTest" classname="Tests.Unit.Models.ClientTest"
                    assertions="0" time="0.422283">
                    <error type="Illuminate\Database\QueryException">it computes full name for
                        individualIlluminate\Database\QueryException: SQLSTATE[42P01]: Undefined
                        table: 7 ERREUR: la relation « clients » n'existe pas
                        LINE 1: insert into "clients" ("user_id", "type", "civilite", "nom",...
                        ^ (Connection: pgsql, Host: 127.0.0.1, Port: 5432, Database: yetu_test, SQL:
                        insert into "clients" ("user_id", "type", "civilite", "nom", "prenom",
                        "societe", "siret", "code_tva", "email", "telephone", "portable", "fax",
                        "site_web", "notes", "preferences", "date_premier_achat",
                        "date_dernier_achat", "date_derniere_connexion", "total_achats",
                        "nombre_commandes", "total_remises", "chiffre_affaire", "points_fidelite",
                        "niveau_fidelite", "statut", "source", "metadata", "id", "updated_at",
                        "created_at") values (019f0241-97c9-7133-82a2-f709f138b373, particulier, M.,
                        Dupont, Jean, Reinger-Monahan, 8634553497623, CX986782672,
                        harmony.schinner@example.net, (820) 964-3220, 516-776-5318, +18727775808,
                        http://pfeffer.net/quos-maiores-ea-fuga-explicabo-sunt-voluptates-cumque-est.html,
                        Aut id reiciendis ratione minus sapiente quidem rerum. Quis laborum
                        reprehenderit laudantium nihil sapiente aut. Dolorum aut ad sed aut. Debitis
                        sit qui consequatur., {"language":"en","currency":"USD"}, 2025-06-09
                        18:51:01, 2026-05-09 21:22:43, 2026-04-24 03:21:38, 7610.41, 32, 340.29,
                        17935.42, 3750, argent, actif, direct,
                        {"created_from_ip":"212.216.147.238","referral_code":"harum"},
                        019f0241-97cf-70fa-aa0d-238e012695d8, 2026-06-26 04:48:00, 2026-06-26
                        04:48:00))&#13;
                        at vendor\laravel\framework\src\Illuminate\Database\Connection.php:587
                        at vendor\laravel\framework\src\Illuminate\Database\Connection.php:832
                        at vendor\laravel\framework\src\Illuminate\Database\Connection.php:799
                        at vendor\laravel\framework\src\Illuminate\Database\Connection.php:576
                        at vendor\laravel\framework\src\Illuminate\Database\Connection.php:540
                        at vendor\laravel\framework\src\Illuminate\Database\Query\Builder.php:4164
                        at
                        vendor\laravel\framework\src\Illuminate\Database\Eloquent\Builder.php:2271
                        at vendor\laravel\framework\src\Illuminate\Database\Eloquent\Model.php:1589
                        at vendor\laravel\framework\src\Illuminate\Database\Eloquent\Model.php:1382
                        at
                        vendor\laravel\framework\src\Illuminate\Database\Eloquent\Factories\Factory.php:379
                        at
                        vendor\laravel\framework\src\Illuminate\Collections\Traits\EnumeratesValues.php:275
                        at
                        vendor\laravel\framework\src\Illuminate\Database\Eloquent\Factories\Factory.php:374
                        at
                        vendor\laravel\framework\src\Illuminate\Database\Eloquent\Factories\Factory.php:330
                        at
                        vendor\laravel\framework\src\Illuminate\Database\Eloquent\Factories\Factory.php:324
                        at tests\Unit\Models\ClientTest.php:6
                        Caused by
                        PDOException: SQLSTATE[42P01]: Undefined table: 7 ERREUR: la relation «
                        clients » n'existe pas
                        LINE 1: insert into "clients" ("user_id", "type", "civilite", "nom",...
                        ^

                        at vendor\laravel\framework\src\Illuminate\Database\Connection.php:587
                        at vendor\laravel\framework\src\Illuminate\Database\Connection.php:832
                        at vendor\laravel\framework\src\Illuminate\Database\Connection.php:799
                        at vendor\laravel\framework\src\Illuminate\Database\Connection.php:576
                        at vendor\laravel\framework\src\Illuminate\Database\Connection.php:540
                        at vendor\laravel\framework\src\Illuminate\Database\Query\Builder.php:4164
                        at
                        vendor\laravel\framework\src\Illuminate\Database\Eloquent\Builder.php:2271
                        at vendor\laravel\framework\src\Illuminate\Database\Eloquent\Model.php:1589
                        at vendor\laravel\framework\src\Illuminate\Database\Eloquent\Model.php:1382
                        at
                        vendor\laravel\framework\src\Illuminate\Database\Eloquent\Factories\Factory.php:379
                        at
                        vendor\laravel\framework\src\Illuminate\Collections\Traits\EnumeratesValues.php:275
                        at
                        vendor\laravel\framework\src\Illuminate\Database\Eloquent\Factories\Factory.php:374
                        at
                        vendor\laravel\framework\src\Illuminate\Database\Eloquent\Factories\Factory.php:330
                        at
                        vendor\laravel\framework\src\Illuminate\Database\Eloquent\Factories\Factory.php:324
                        at tests\Unit\Models\ClientTest.php:6</error>
                </testcase>
                <testcase name="it computes full name for company"
                    file="tests\Unit\Models\ClientTest.php::it computes full name for company"
                    class="Tests\Unit\Models\ClientTest" classname="Tests.Unit.Models.ClientTest"
                    assertions="0" time="0.354231">
                    <error type="Illuminate\Database\QueryException">it computes full name for
                        companyIlluminate\Database\QueryException: SQLSTATE[42P01]: Undefined table:
                        7 ERREUR: la relation « clients » n'existe pas
                        LINE 1: insert into "clients" ("user_id", "type", "civilite", "nom",...
                        ^ (Connection: pgsql, Host: 127.0.0.1, Port: 5432, Database: yetu_test, SQL:
                        insert into "clients" ("user_id", "type", "civilite", "nom", "prenom",
                        "societe", "siret", "code_tva", "email", "telephone", "portable", "fax",
                        "site_web", "notes", "preferences", "date_premier_achat",
                        "date_dernier_achat", "date_derniere_connexion", "total_achats",
                        "nombre_commandes", "total_remises", "chiffre_affaire", "points_fidelite",
                        "niveau_fidelite", "statut", "source", "metadata", "id", "updated_at",
                        "created_at") values (019f0241-992c-72e4-85a9-8738d7f70416, entreprise, Mme,
                        Doyle, Anabelle, Yetu SARL, 0892410944417, TK597053865, haley22@example.com,
                        +13165905336, +1.601.598.3932, 1-414-899-0969,
                        https://www.crooks.org/dolorem-doloribus-omnis-dolores-quaerat-enim-quaerat-esse,
                        Sint voluptas aut sed et neque dignissimos et. Sit eligendi debitis eaque
                        voluptatem et. Odit ab iure similique tenetur iusto. Ad veniam et quibusdam
                        nam quia nobis., {"language":"es","currency":"EUR"}, 2024-12-27 05:55:58,
                        2026-04-29 21:37:25, 2026-01-28 12:37:14, 272.32, 30, 286.01, 41389.89,
                        1565, or, vip, facebook,
                        {"created_from_ip":"67.90.41.11","referral_code":"temporibus"},
                        019f0241-9930-7327-83b9-6e4c19aa0d82, 2026-06-26 04:48:01, 2026-06-26
                        04:48:01))&#13;
                        at vendor\laravel\framework\src\Illuminate\Database\Connection.php:587
                        at vendor\laravel\framework\src\Illuminate\Database\Connection.php:832
                        at vendor\laravel\framework\src\Illuminate\Database\Connection.php:799
                        at vendor\laravel\framework\src\Illuminate\Database\Connection.php:576
                        at vendor\laravel\framework\src\Illuminate\Database\Connection.php:540
                        at vendor\laravel\framework\src\Illuminate\Database\Query\Builder.php:4164
                        at
                        vendor\laravel\framework\src\Illuminate\Database\Eloquent\Builder.php:2271
                        at vendor\laravel\framework\src\Illuminate\Database\Eloquent\Model.php:1589
                        at vendor\laravel\framework\src\Illuminate\Database\Eloquent\Model.php:1382
                        at
                        vendor\laravel\framework\src\Illuminate\Database\Eloquent\Factories\Factory.php:379
                        at
                        vendor\laravel\framework\src\Illuminate\Collections\Traits\EnumeratesValues.php:275
                        at
                        vendor\laravel\framework\src\Illuminate\Database\Eloquent\Factories\Factory.php:374
                        at
                        vendor\laravel\framework\src\Illuminate\Database\Eloquent\Factories\Factory.php:330
                        at
                        vendor\laravel\framework\src\Illuminate\Database\Eloquent\Factories\Factory.php:324
                        at tests\Unit\Models\ClientTest.php:17
                        Caused by
                        PDOException: SQLSTATE[42P01]: Undefined table: 7 ERREUR: la relation «
                        clients » n'existe pas
                        LINE 1: insert into "clients" ("user_id", "type", "civilite", "nom",...
                        ^

                        at vendor\laravel\framework\src\Illuminate\Database\Connection.php:587
                        at vendor\laravel\framework\src\Illuminate\Database\Connection.php:832
                        at vendor\laravel\framework\src\Illuminate\Database\Connection.php:799
                        at vendor\laravel\framework\src\Illuminate\Database\Connection.php:576
                        at vendor\laravel\framework\src\Illuminate\Database\Connection.php:540
                        at vendor\laravel\framework\src\Illuminate\Database\Query\Builder.php:4164
                        at
                        vendor\laravel\framework\src\Illuminate\Database\Eloquent\Builder.php:2271
                        at vendor\laravel\framework\src\Illuminate\Database\Eloquent\Model.php:1589
                        at vendor\laravel\framework\src\Illuminate\Database\Eloquent\Model.php:1382
                        at
                        vendor\laravel\framework\src\Illuminate\Database\Eloquent\Factories\Factory.php:379
                        at
                        vendor\laravel\framework\src\Illuminate\Collections\Traits\EnumeratesValues.php:275
                        at
                        vendor\laravel\framework\src\Illuminate\Database\Eloquent\Factories\Factory.php:374
                        at
                        vendor\laravel\framework\src\Illuminate\Database\Eloquent\Factories\Factory.php:330
                        at
                        vendor\laravel\framework\src\Illuminate\Database\Eloquent\Factories\Factory.php:324
                        at tests\Unit\Models\ClientTest.php:17</error>
                </testcase>
                <testcase name="it increments orders count and total spent"
                    file="tests\Unit\Models\ClientTest.php::it increments orders count and total spent"
                    class="Tests\Unit\Models\ClientTest" classname="Tests.Unit.Models.ClientTest"
                    assertions="0" time="0.389334">
                    <error type="Illuminate\Database\QueryException">it increments orders count and
                        total spentIlluminate\Database\QueryException: SQLSTATE[42P01]: Undefined
                        table: 7 ERREUR: la relation « clients » n'existe pas
                        LINE 1: insert into "clients" ("user_id", "type", "civilite", "nom",...
                        ^ (Connection: pgsql, Host: 127.0.0.1, Port: 5432, Database: yetu_test, SQL:
                        insert into "clients" ("user_id", "type", "civilite", "nom", "prenom",
                        "societe", "siret", "code_tva", "email", "telephone", "portable", "fax",
                        "site_web", "notes", "preferences", "date_premier_achat",
                        "date_dernier_achat", "date_derniere_connexion", "total_achats",
                        "nombre_commandes", "total_remises", "chiffre_affaire", "points_fidelite",
                        "niveau_fidelite", "statut", "source", "metadata", "id", "updated_at",
                        "created_at") values (019f0241-9ab1-72c8-b27c-a8b4693694b6, entreprise,
                        Mlle, Douglas, Akeem, Zulauf, Blick and O'Reilly, 0487510624616,
                        AL354022373, uhackett@example.org, 575.431.4458, +1-463-256-9816,
                        762.839.2023, http://www.zemlak.com/accusantium-eius-ut-est-rerum-saepe,
                        Natus non vel temporibus. Aut itaque vero voluptas velit doloremque. Autem
                        et consequatur dolorem dolore. Sit ut sed reiciendis ut ut nam non ut. Et
                        officia vero quasi aut., {"language":"en","currency":"USD"}, 2024-08-08
                        14:09:34, 2026-02-10 03:37:11, 2026-02-23 08:00:47, 500, 2, 966.32,
                        49680.71, 3598, diamant, vip, google,
                        {"created_from_ip":"172.156.156.226","referral_code":"dolores"},
                        019f0241-9ab5-72b1-a708-896d1247ea23, 2026-06-26 04:48:01, 2026-06-26
                        04:48:01))&#13;
                        at vendor\laravel\framework\src\Illuminate\Database\Connection.php:587
                        at vendor\laravel\framework\src\Illuminate\Database\Connection.php:832
                        at vendor\laravel\framework\src\Illuminate\Database\Connection.php:799
                        at vendor\laravel\framework\src\Illuminate\Database\Connection.php:576
                        at vendor\laravel\framework\src\Illuminate\Database\Connection.php:540
                        at vendor\laravel\framework\src\Illuminate\Database\Query\Builder.php:4164
                        at
                        vendor\laravel\framework\src\Illuminate\Database\Eloquent\Builder.php:2271
                        at vendor\laravel\framework\src\Illuminate\Database\Eloquent\Model.php:1589
                        at vendor\laravel\framework\src\Illuminate\Database\Eloquent\Model.php:1382
                        at
                        vendor\laravel\framework\src\Illuminate\Database\Eloquent\Factories\Factory.php:379
                        at
                        vendor\laravel\framework\src\Illuminate\Collections\Traits\EnumeratesValues.php:275
                        at
                        vendor\laravel\framework\src\Illuminate\Database\Eloquent\Factories\Factory.php:374
                        at
                        vendor\laravel\framework\src\Illuminate\Database\Eloquent\Factories\Factory.php:330
                        at
                        vendor\laravel\framework\src\Illuminate\Database\Eloquent\Factories\Factory.php:324
                        at tests\Unit\Models\ClientTest.php:26
                        Caused by
                        PDOException: SQLSTATE[42P01]: Undefined table: 7 ERREUR: la relation «
                        clients » n'existe pas
                        LINE 1: insert into "clients" ("user_id", "type", "civilite", "nom",...
                        ^

                        at vendor\laravel\framework\src\Illuminate\Database\Connection.php:587
                        at vendor\laravel\framework\src\Illuminate\Database\Connection.php:832
                        at vendor\laravel\framework\src\Illuminate\Database\Connection.php:799
                        at vendor\laravel\framework\src\Illuminate\Database\Connection.php:576
                        at vendor\laravel\framework\src\Illuminate\Database\Connection.php:540
                        at vendor\laravel\framework\src\Illuminate\Database\Query\Builder.php:4164
                        at
                        vendor\laravel\framework\src\Illuminate\Database\Eloquent\Builder.php:2271
                        at vendor\laravel\framework\src\Illuminate\Database\Eloquent\Model.php:1589
                        at vendor\laravel\framework\src\Illuminate\Database\Eloquent\Model.php:1382
                        at
                        vendor\laravel\framework\src\Illuminate\Database\Eloquent\Factories\Factory.php:379
                        at
                        vendor\laravel\framework\src\Illuminate\Collections\Traits\EnumeratesValues.php:275
                        at
                        vendor\laravel\framework\src\Illuminate\Database\Eloquent\Factories\Factory.php:374
                        at
                        vendor\laravel\framework\src\Illuminate\Database\Eloquent\Factories\Factory.php:330
                        at
                        vendor\laravel\framework\src\Illuminate\Database\Eloquent\Factories\Factory.php:324
                        at tests\Unit\Models\ClientTest.php:26</error>
                </testcase>
                <testcase name="it updates loyalty level based on total spent"
                    file="tests\Unit\Models\ClientTest.php::it updates loyalty level based on total spent"
                    class="Tests\Unit\Models\ClientTest" classname="Tests.Unit.Models.ClientTest"
                    assertions="0" time="0.350290">
                    <error type="Illuminate\Database\QueryException">it updates loyalty level based
                        on total spentIlluminate\Database\QueryException: SQLSTATE[42P01]: Undefined
                        table: 7 ERREUR: la relation « clients » n'existe pas
                        LINE 1: insert into "clients" ("user_id", "type", "civilite", "nom",...
                        ^ (Connection: pgsql, Host: 127.0.0.1, Port: 5432, Database: yetu_test, SQL:
                        insert into "clients" ("user_id", "type", "civilite", "nom", "prenom",
                        "societe", "siret", "code_tva", "email", "telephone", "portable", "fax",
                        "site_web", "notes", "preferences", "date_premier_achat",
                        "date_dernier_achat", "date_derniere_connexion", "total_achats",
                        "nombre_commandes", "total_remises", "chiffre_affaire", "points_fidelite",
                        "niveau_fidelite", "statut", "source", "metadata", "id", "updated_at",
                        "created_at") values (019f0241-9c10-718b-9ae5-36426a016d5e, professionnel,
                        M., Kreiger, Eda, Moen Ltd, 9972807782942, NE833822756,
                        ruecker.larry@example.net, +1.330.398.1362, +1 (770) 741-3114, (478)
                        841-1532, http://www.lemke.org/, Ratione dolor consequatur vitae.
                        Necessitatibus corporis et sit modi qui velit. Facere nam quos aspernatur
                        eaque maiores sequi., {"language":"es","currency":"USD"}, 2025-02-21
                        23:41:25, 2025-07-10 23:36:21, 2026-05-17 21:11:43, 0, 25, 885.85, 19077.26,
                        2837, platine, vip, direct,
                        {"created_from_ip":"85.27.35.249","referral_code":"in"},
                        019f0241-9c14-73b4-b663-83bc2624345c, 2026-06-26 04:48:02, 2026-06-26
                        04:48:02))&#13;
                        at vendor\laravel\framework\src\Illuminate\Database\Connection.php:587
                        at vendor\laravel\framework\src\Illuminate\Database\Connection.php:832
                        at vendor\laravel\framework\src\Illuminate\Database\Connection.php:799
                        at vendor\laravel\framework\src\Illuminate\Database\Connection.php:576
                        at vendor\laravel\framework\src\Illuminate\Database\Connection.php:540
                        at vendor\laravel\framework\src\Illuminate\Database\Query\Builder.php:4164
                        at
                        vendor\laravel\framework\src\Illuminate\Database\Eloquent\Builder.php:2271
                        at vendor\laravel\framework\src\Illuminate\Database\Eloquent\Model.php:1589
                        at vendor\laravel\framework\src\Illuminate\Database\Eloquent\Model.php:1382
                        at
                        vendor\laravel\framework\src\Illuminate\Database\Eloquent\Factories\Factory.php:379
                        at
                        vendor\laravel\framework\src\Illuminate\Collections\Traits\EnumeratesValues.php:275
                        at
                        vendor\laravel\framework\src\Illuminate\Database\Eloquent\Factories\Factory.php:374
                        at
                        vendor\laravel\framework\src\Illuminate\Database\Eloquent\Factories\Factory.php:330
                        at
                        vendor\laravel\framework\src\Illuminate\Database\Eloquent\Factories\Factory.php:324
                        at tests\Unit\Models\ClientTest.php:38
                        Caused by
                        PDOException: SQLSTATE[42P01]: Undefined table: 7 ERREUR: la relation «
                        clients » n'existe pas
                        LINE 1: insert into "clients" ("user_id", "type", "civilite", "nom",...
                        ^

                        at vendor\laravel\framework\src\Illuminate\Database\Connection.php:587
                        at vendor\laravel\framework\src\Illuminate\Database\Connection.php:832
                        at vendor\laravel\framework\src\Illuminate\Database\Connection.php:799
                        at vendor\laravel\framework\src\Illuminate\Database\Connection.php:576
                        at vendor\laravel\framework\src\Illuminate\Database\Connection.php:540
                        at vendor\laravel\framework\src\Illuminate\Database\Query\Builder.php:4164
                        at
                        vendor\laravel\framework\src\Illuminate\Database\Eloquent\Builder.php:2271
                        at vendor\laravel\framework\src\Illuminate\Database\Eloquent\Model.php:1589
                        at vendor\laravel\framework\src\Illuminate\Database\Eloquent\Model.php:1382
                        at
                        vendor\laravel\framework\src\Illuminate\Database\Eloquent\Factories\Factory.php:379
                        at
                        vendor\laravel\framework\src\Illuminate\Collections\Traits\EnumeratesValues.php:275
                        at
                        vendor\laravel\framework\src\Illuminate\Database\Eloquent\Factories\Factory.php:374
                        at
                        vendor\laravel\framework\src\Illuminate\Database\Eloquent\Factories\Factory.php:330
                        at
                        vendor\laravel\framework\src\Illuminate\Database\Eloquent\Factories\Factory.php:324
                        at tests\Unit\Models\ClientTest.php:38</error>
                </testcase>
            </testsuite>
            <testsuite name="Tests\Unit\Models\CommandeTest"
                file="tests\Unit\Models\CommandeTest.php" tests="4" assertions="0" errors="4"
                failures="0" skipped="0" time="1.045554">
                <testcase name="it creates an order"
                    file="tests\Unit\Models\CommandeTest.php::it creates an order"
                    class="Tests\Unit\Models\CommandeTest"
                    classname="Tests.Unit.Models.CommandeTest" assertions="0" time="0.392450">
                    <error type="Illuminate\Database\QueryException">it creates an
                        orderIlluminate\Database\QueryException: SQLSTATE[42P01]: Undefined table: 7
                        ERREUR: la relation « clients » n'existe pas
                        LINE 1: insert into "clients" ("user_id", "type", "civilite", "nom",...
                        ^ (Connection: pgsql, Host: 127.0.0.1, Port: 5432, Database: yetu_test, SQL:
                        insert into "clients" ("user_id", "type", "civilite", "nom", "prenom",
                        "societe", "siret", "code_tva", "email", "telephone", "portable", "fax",
                        "site_web", "notes", "preferences", "date_premier_achat",
                        "date_dernier_achat", "date_derniere_connexion", "total_achats",
                        "nombre_commandes", "total_remises", "chiffre_affaire", "points_fidelite",
                        "niveau_fidelite", "statut", "source", "metadata", "id", "updated_at",
                        "created_at") values (019f0241-9d9b-72f6-b7a9-0b1db69a6225, professionnel,
                        Mme, Flatley, Aracely, Marks Inc, 1640021624976, PL739987688,
                        kayley64@example.org, 520-368-2132, +17863906066, 1-734-385-8142,
                        http://runolfsson.com/ut-vero-vel-tempora-omnis.html, Animi est omnis in id
                        aperiam quam nostrum voluptate. Atque eaque non provident qui facere
                        laboriosam. Aliquam dolorem consequuntur nulla fuga quas.,
                        {"language":"fr","currency":"EUR"}, 2025-04-18 04:32:18, 2025-07-05
                        00:29:08, 2026-06-20 09:24:01, 7938.81, 78, 455.13, 32310.59, 3701, or,
                        actif, facebook,
                        {"created_from_ip":"193.215.97.14","referral_code":"iusto"},
                        019f0241-9d9f-7334-971c-bc5b7d989efe, 2026-06-26 04:48:02, 2026-06-26
                        04:48:02))&#13;
                        at vendor\laravel\framework\src\Illuminate\Database\Connection.php:587
                        at vendor\laravel\framework\src\Illuminate\Database\Connection.php:832
                        at vendor\laravel\framework\src\Illuminate\Database\Connection.php:799
                        at vendor\laravel\framework\src\Illuminate\Database\Connection.php:576
                        at vendor\laravel\framework\src\Illuminate\Database\Connection.php:540
                        at vendor\laravel\framework\src\Illuminate\Database\Query\Builder.php:4164
                        at
                        vendor\laravel\framework\src\Illuminate\Database\Eloquent\Builder.php:2271
                        at vendor\laravel\framework\src\Illuminate\Database\Eloquent\Model.php:1589
                        at vendor\laravel\framework\src\Illuminate\Database\Eloquent\Model.php:1382
                        at
                        vendor\laravel\framework\src\Illuminate\Database\Eloquent\Factories\Factory.php:379
                        at
                        vendor\laravel\framework\src\Illuminate\Collections\Traits\EnumeratesValues.php:275
                        at
                        vendor\laravel\framework\src\Illuminate\Database\Eloquent\Factories\Factory.php:374
                        at
                        vendor\laravel\framework\src\Illuminate\Database\Eloquent\Factories\Factory.php:330
                        at
                        vendor\laravel\framework\src\Illuminate\Database\Eloquent\Factories\Factory.php:592
                        at vendor\laravel\framework\src\Illuminate\Collections\Arr.php:842
                        at vendor\laravel\framework\src\Illuminate\Collections\Collection.php:827
                        at
                        vendor\laravel\framework\src\Illuminate\Database\Eloquent\Factories\Factory.php:584
                        at
                        vendor\laravel\framework\src\Illuminate\Database\Eloquent\Factories\Factory.php:538
                        at
                        vendor\laravel\framework\src\Illuminate\Database\Eloquent\Factories\Factory.php:522
                        at
                        vendor\laravel\framework\src\Illuminate\Database\Eloquent\Concerns\GuardsAttributes.php:185
                        at
                        vendor\laravel\framework\src\Illuminate\Database\Eloquent\Factories\Factory.php:521
                        at
                        vendor\laravel\framework\src\Illuminate\Database\Eloquent\Factories\Factory.php:438
                        at
                        vendor\laravel\framework\src\Illuminate\Database\Eloquent\Factories\Factory.php:327
                        at
                        vendor\laravel\framework\src\Illuminate\Database\Eloquent\Factories\Factory.php:324
                        at tests\Unit\Models\CommandeTest.php:6
                        Caused by
                        PDOException: SQLSTATE[42P01]: Undefined table: 7 ERREUR: la relation «
                        clients » n'existe pas
                        LINE 1: insert into "clients" ("user_id", "type", "civilite", "nom",...
                        ^

                        at vendor\laravel\framework\src\Illuminate\Database\Connection.php:587
                        at vendor\laravel\framework\src\Illuminate\Database\Connection.php:832
                        at vendor\laravel\framework\src\Illuminate\Database\Connection.php:799
                        at vendor\laravel\framework\src\Illuminate\Database\Connection.php:576
                        at vendor\laravel\framework\src\Illuminate\Database\Connection.php:540
                        at vendor\laravel\framework\src\Illuminate\Database\Query\Builder.php:4164
                        at
                        vendor\laravel\framework\src\Illuminate\Database\Eloquent\Builder.php:2271
                        at vendor\laravel\framework\src\Illuminate\Database\Eloquent\Model.php:1589
                        at vendor\laravel\framework\src\Illuminate\Database\Eloquent\Model.php:1382
                        at
                        vendor\laravel\framework\src\Illuminate\Database\Eloquent\Factories\Factory.php:379
                        at
                        vendor\laravel\framework\src\Illuminate\Collections\Traits\EnumeratesValues.php:275
                        at
                        vendor\laravel\framework\src\Illuminate\Database\Eloquent\Factories\Factory.php:374
                        at
                        vendor\laravel\framework\src\Illuminate\Database\Eloquent\Factories\Factory.php:330
                        at
                        vendor\laravel\framework\src\Illuminate\Database\Eloquent\Factories\Factory.php:592
                        at vendor\laravel\framework\src\Illuminate\Collections\Arr.php:842
                        at vendor\laravel\framework\src\Illuminate\Collections\Collection.php:827
                        at
                        vendor\laravel\framework\src\Illuminate\Database\Eloquent\Factories\Factory.php:584
                        at
                        vendor\laravel\framework\src\Illuminate\Database\Eloquent\Factories\Factory.php:538
                        at
                        vendor\laravel\framework\src\Illuminate\Database\Eloquent\Factories\Factory.php:522
                        at
                        vendor\laravel\framework\src\Illuminate\Database\Eloquent\Concerns\GuardsAttributes.php:185
                        at
                        vendor\laravel\framework\src\Illuminate\Database\Eloquent\Factories\Factory.php:521
                        at
                        vendor\laravel\framework\src\Illuminate\Database\Eloquent\Factories\Factory.php:438
                        at
                        vendor\laravel\framework\src\Illuminate\Database\Eloquent\Factories\Factory.php:327
                        at
                        vendor\laravel\framework\src\Illuminate\Database\Eloquent\Factories\Factory.php:324
                        at tests\Unit\Models\CommandeTest.php:6</error>
                </testcase>
                <testcase name="it marks order as paid"
                    file="tests\Unit\Models\CommandeTest.php::it marks order as paid"
                    class="Tests\Unit\Models\CommandeTest"
                    classname="Tests.Unit.Models.CommandeTest" assertions="0" time="0.263243">
                    <error type="Illuminate\Database\QueryException">it marks order as
                        paidIlluminate\Database\QueryException: SQLSTATE[42P01]: Undefined table: 7
                        ERREUR: la relation « clients » n'existe pas
                        LINE 1: insert into "clients" ("user_id", "type", "civilite", "nom",...
                        ^ (Connection: pgsql, Host: 127.0.0.1, Port: 5432, Database: yetu_test, SQL:
                        insert into "clients" ("user_id", "type", "civilite", "nom", "prenom",
                        "societe", "siret", "code_tva", "email", "telephone", "portable", "fax",
                        "site_web", "notes", "preferences", "date_premier_achat",
                        "date_dernier_achat", "date_derniere_connexion", "total_achats",
                        "nombre_commandes", "total_remises", "chiffre_affaire", "points_fidelite",
                        "niveau_fidelite", "statut", "source", "metadata", "id", "updated_at",
                        "created_at") values (019f0241-9ea3-725b-9460-9f87111aa904, professionnel,
                        M., Ullrich, Mose, Lubowitz Group, 8547111061906, VE192757052,
                        lisandro.rodriguez@example.com, +1-539-556-0691, +1-617-724-3041, (239)
                        989-6422,
                        http://www.tremblay.com/iste-provident-consectetur-qui-laudantium-voluptas-repellendus,
                        Molestias ut aspernatur reprehenderit nulla enim voluptates autem. Et in
                        maiores ducimus exercitationem autem voluptatem accusamus. Iusto illum sed
                        delectus nobis. Quasi in doloremque id., {"language":"fr","currency":"EUR"},
                        2025-04-12 15:34:29, 2025-07-05 21:46:38, 2025-12-31 16:21:46, 260.33, 31,
                        266.12, 1054.57, 1328, platine, vip, newsletter,
                        {"created_from_ip":"38.178.90.152","referral_code":"odit"},
                        019f0241-9ea7-7332-87d1-162d79c9f737, 2026-06-26 04:48:02, 2026-06-26
                        04:48:02))&#13;
                        at vendor\laravel\framework\src\Illuminate\Database\Connection.php:587
                        at vendor\laravel\framework\src\Illuminate\Database\Connection.php:832
                        at vendor\laravel\framework\src\Illuminate\Database\Connection.php:799
                        at vendor\laravel\framework\src\Illuminate\Database\Connection.php:576
                        at vendor\laravel\framework\src\Illuminate\Database\Connection.php:540
                        at vendor\laravel\framework\src\Illuminate\Database\Query\Builder.php:4164
                        at
                        vendor\laravel\framework\src\Illuminate\Database\Eloquent\Builder.php:2271
                        at vendor\laravel\framework\src\Illuminate\Database\Eloquent\Model.php:1589
                        at vendor\laravel\framework\src\Illuminate\Database\Eloquent\Model.php:1382
                        at
                        vendor\laravel\framework\src\Illuminate\Database\Eloquent\Factories\Factory.php:379
                        at
                        vendor\laravel\framework\src\Illuminate\Collections\Traits\EnumeratesValues.php:275
                        at
                        vendor\laravel\framework\src\Illuminate\Database\Eloquent\Factories\Factory.php:374
                        at
                        vendor\laravel\framework\src\Illuminate\Database\Eloquent\Factories\Factory.php:330
                        at
                        vendor\laravel\framework\src\Illuminate\Database\Eloquent\Factories\Factory.php:592
                        at vendor\laravel\framework\src\Illuminate\Collections\Arr.php:842
                        at vendor\laravel\framework\src\Illuminate\Collections\Collection.php:827
                        at
                        vendor\laravel\framework\src\Illuminate\Database\Eloquent\Factories\Factory.php:584
                        at
                        vendor\laravel\framework\src\Illuminate\Database\Eloquent\Factories\Factory.php:538
                        at
                        vendor\laravel\framework\src\Illuminate\Database\Eloquent\Factories\Factory.php:522
                        at
                        vendor\laravel\framework\src\Illuminate\Database\Eloquent\Concerns\GuardsAttributes.php:185
                        at
                        vendor\laravel\framework\src\Illuminate\Database\Eloquent\Factories\Factory.php:521
                        at
                        vendor\laravel\framework\src\Illuminate\Database\Eloquent\Factories\Factory.php:438
                        at
                        vendor\laravel\framework\src\Illuminate\Database\Eloquent\Factories\Factory.php:327
                        at
                        vendor\laravel\framework\src\Illuminate\Database\Eloquent\Factories\Factory.php:324
                        at tests\Unit\Models\CommandeTest.php:14
                        Caused by
                        PDOException: SQLSTATE[42P01]: Undefined table: 7 ERREUR: la relation «
                        clients » n'existe pas
                        LINE 1: insert into "clients" ("user_id", "type", "civilite", "nom",...
                        ^

                        at vendor\laravel\framework\src\Illuminate\Database\Connection.php:587
                        at vendor\laravel\framework\src\Illuminate\Database\Connection.php:832
                        at vendor\laravel\framework\src\Illuminate\Database\Connection.php:799
                        at vendor\laravel\framework\src\Illuminate\Database\Connection.php:576
                        at vendor\laravel\framework\src\Illuminate\Database\Connection.php:540
                        at vendor\laravel\framework\src\Illuminate\Database\Query\Builder.php:4164
                        at
                        vendor\laravel\framework\src\Illuminate\Database\Eloquent\Builder.php:2271
                        at vendor\laravel\framework\src\Illuminate\Database\Eloquent\Model.php:1589
                        at vendor\laravel\framework\src\Illuminate\Database\Eloquent\Model.php:1382
                        at
                        vendor\laravel\framework\src\Illuminate\Database\Eloquent\Factories\Factory.php:379
                        at
                        vendor\laravel\framework\src\Illuminate\Collections\Traits\EnumeratesValues.php:275
                        at
                        vendor\laravel\framework\src\Illuminate\Database\Eloquent\Factories\Factory.php:374
                        at
                        vendor\laravel\framework\src\Illuminate\Database\Eloquent\Factories\Factory.php:330
                        at
                        vendor\laravel\framework\src\Illuminate\Database\Eloquent\Factories\Factory.php:592
                        at vendor\laravel\framework\src\Illuminate\Collections\Arr.php:842
                        at vendor\laravel\framework\src\Illuminate\Collections\Collection.php:827
                        at
                        vendor\laravel\framework\src\Illuminate\Database\Eloquent\Factories\Factory.php:584
                        at
                        vendor\laravel\framework\src\Illuminate\Database\Eloquent\Factories\Factory.php:538
                        at
                        vendor\laravel\framework\src\Illuminate\Database\Eloquent\Factories\Factory.php:522
                        at
                        vendor\laravel\framework\src\Illuminate\Database\Eloquent\Concerns\GuardsAttributes.php:185
                        at
                        vendor\laravel\framework\src\Illuminate\Database\Eloquent\Factories\Factory.php:521
                        at
                        vendor\laravel\framework\src\Illuminate\Database\Eloquent\Factories\Factory.php:438
                        at
                        vendor\laravel\framework\src\Illuminate\Database\Eloquent\Factories\Factory.php:327
                        at
                        vendor\laravel\framework\src\Illuminate\Database\Eloquent\Factories\Factory.php:324
                        at tests\Unit\Models\CommandeTest.php:14</error>
                </testcase>
                <testcase name="it marks order as delivered"
                    file="tests\Unit\Models\CommandeTest.php::it marks order as delivered"
                    class="Tests\Unit\Models\CommandeTest"
                    classname="Tests.Unit.Models.CommandeTest" assertions="0" time="0.203236">
                    <error type="Illuminate\Database\QueryException">it marks order as
                        deliveredIlluminate\Database\QueryException: SQLSTATE[42P01]: Undefined
                        table: 7 ERREUR: la relation « clients » n'existe pas
                        LINE 1: insert into "clients" ("user_id", "type", "civilite", "nom",...
                        ^ (Connection: pgsql, Host: 127.0.0.1, Port: 5432, Database: yetu_test, SQL:
                        insert into "clients" ("user_id", "type", "civilite", "nom", "prenom",
                        "societe", "siret", "code_tva", "email", "telephone", "portable", "fax",
                        "site_web", "notes", "preferences", "date_premier_achat",
                        "date_dernier_achat", "date_derniere_connexion", "total_achats",
                        "nombre_commandes", "total_remises", "chiffre_affaire", "points_fidelite",
                        "niveau_fidelite", "statut", "source", "metadata", "id", "updated_at",
                        "created_at") values (019f0241-9f70-738f-a1e5-8b7bd236da58, entreprise, M.,
                        Huel, Daphnee, Macejkovic, Walter and Gulgowski, 1025206198181, SD587949327,
                        imogene.fahey@example.net, (281) 364-4139, 810.744.3408, 629-333-3922,
                        http://kihn.com/nisi-ut-voluptas-qui.html, Commodi aut nesciunt corporis
                        temporibus distinctio eveniet. Et nulla omnis quo voluptatem et a.,
                        {"language":"fr","currency":"GBP"}, 2024-12-11 02:30:48, 2025-08-16
                        18:59:04, 2026-03-24 14:59:38, 2661.56, 59, 484.63, 31282.49, 4704, argent,
                        actif, newsletter,
                        {"created_from_ip":"240.197.75.150","referral_code":"reiciendis"},
                        019f0241-9f73-7268-9c42-a9f35997ca52, 2026-06-26 04:48:02, 2026-06-26
                        04:48:02))&#13;
                        at vendor\laravel\framework\src\Illuminate\Database\Connection.php:587
                        at vendor\laravel\framework\src\Illuminate\Database\Connection.php:832
                        at vendor\laravel\framework\src\Illuminate\Database\Connection.php:799
                        at vendor\laravel\framework\src\Illuminate\Database\Connection.php:576
                        at vendor\laravel\framework\src\Illuminate\Database\Connection.php:540
                        at vendor\laravel\framework\src\Illuminate\Database\Query\Builder.php:4164
                        at
                        vendor\laravel\framework\src\Illuminate\Database\Eloquent\Builder.php:2271
                        at vendor\laravel\framework\src\Illuminate\Database\Eloquent\Model.php:1589
                        at vendor\laravel\framework\src\Illuminate\Database\Eloquent\Model.php:1382
                        at
                        vendor\laravel\framework\src\Illuminate\Database\Eloquent\Factories\Factory.php:379
                        at
                        vendor\laravel\framework\src\Illuminate\Collections\Traits\EnumeratesValues.php:275
                        at
                        vendor\laravel\framework\src\Illuminate\Database\Eloquent\Factories\Factory.php:374
                        at
                        vendor\laravel\framework\src\Illuminate\Database\Eloquent\Factories\Factory.php:330
                        at
                        vendor\laravel\framework\src\Illuminate\Database\Eloquent\Factories\Factory.php:592
                        at vendor\laravel\framework\src\Illuminate\Collections\Arr.php:842
                        at vendor\laravel\framework\src\Illuminate\Collections\Collection.php:827
                        at
                        vendor\laravel\framework\src\Illuminate\Database\Eloquent\Factories\Factory.php:584
                        at
                        vendor\laravel\framework\src\Illuminate\Database\Eloquent\Factories\Factory.php:538
                        at
                        vendor\laravel\framework\src\Illuminate\Database\Eloquent\Factories\Factory.php:522
                        at
                        vendor\laravel\framework\src\Illuminate\Database\Eloquent\Concerns\GuardsAttributes.php:185
                        at
                        vendor\laravel\framework\src\Illuminate\Database\Eloquent\Factories\Factory.php:521
                        at
                        vendor\laravel\framework\src\Illuminate\Database\Eloquent\Factories\Factory.php:438
                        at
                        vendor\laravel\framework\src\Illuminate\Database\Eloquent\Factories\Factory.php:327
                        at
                        vendor\laravel\framework\src\Illuminate\Database\Eloquent\Factories\Factory.php:324
                        at tests\Unit\Models\CommandeTest.php:22
                        Caused by
                        PDOException: SQLSTATE[42P01]: Undefined table: 7 ERREUR: la relation «
                        clients » n'existe pas
                        LINE 1: insert into "clients" ("user_id", "type", "civilite", "nom",...
                        ^

                        at vendor\laravel\framework\src\Illuminate\Database\Connection.php:587
                        at vendor\laravel\framework\src\Illuminate\Database\Connection.php:832
                        at vendor\laravel\framework\src\Illuminate\Database\Connection.php:799
                        at vendor\laravel\framework\src\Illuminate\Database\Connection.php:576
                        at vendor\laravel\framework\src\Illuminate\Database\Connection.php:540
                        at vendor\laravel\framework\src\Illuminate\Database\Query\Builder.php:4164
                        at
                        vendor\laravel\framework\src\Illuminate\Database\Eloquent\Builder.php:2271
                        at vendor\laravel\framework\src\Illuminate\Database\Eloquent\Model.php:1589
                        at vendor\laravel\framework\src\Illuminate\Database\Eloquent\Model.php:1382
                        at
                        vendor\laravel\framework\src\Illuminate\Database\Eloquent\Factories\Factory.php:379
                        at
                        vendor\laravel\framework\src\Illuminate\Collections\Traits\EnumeratesValues.php:275
                        at
                        vendor\laravel\framework\src\Illuminate\Database\Eloquent\Factories\Factory.php:374
                        at
                        vendor\laravel\framework\src\Illuminate\Database\Eloquent\Factories\Factory.php:330
                        at
                        vendor\laravel\framework\src\Illuminate\Database\Eloquent\Factories\Factory.php:592
                        at vendor\laravel\framework\src\Illuminate\Collections\Arr.php:842
                        at vendor\laravel\framework\src\Illuminate\Collections\Collection.php:827
                        at
                        vendor\laravel\framework\src\Illuminate\Database\Eloquent\Factories\Factory.php:584
                        at
                        vendor\laravel\framework\src\Illuminate\Database\Eloquent\Factories\Factory.php:538
                        at
                        vendor\laravel\framework\src\Illuminate\Database\Eloquent\Factories\Factory.php:522
                        at
                        vendor\laravel\framework\src\Illuminate\Database\Eloquent\Concerns\GuardsAttributes.php:185
                        at
                        vendor\laravel\framework\src\Illuminate\Database\Eloquent\Factories\Factory.php:521
                        at
                        vendor\laravel\framework\src\Illuminate\Database\Eloquent\Factories\Factory.php:438
                        at
                        vendor\laravel\framework\src\Illuminate\Database\Eloquent\Factories\Factory.php:327
                        at
                        vendor\laravel\framework\src\Illuminate\Database\Eloquent\Factories\Factory.php:324
                        at tests\Unit\Models\CommandeTest.php:22</error>
                </testcase>
                <testcase name="it cancels order"
                    file="tests\Unit\Models\CommandeTest.php::it cancels order"
                    class="Tests\Unit\Models\CommandeTest"
                    classname="Tests.Unit.Models.CommandeTest" assertions="0" time="0.186625">
                    <error type="Illuminate\Database\QueryException">it cancels
                        orderIlluminate\Database\QueryException: SQLSTATE[42P01]: Undefined table: 7
                        ERREUR: la relation « clients » n'existe pas
                        LINE 1: insert into "clients" ("user_id", "type", "civilite", "nom",...
                        ^ (Connection: pgsql, Host: 127.0.0.1, Port: 5432, Database: yetu_test, SQL:
                        insert into "clients" ("user_id", "type", "civilite", "nom", "prenom",
                        "societe", "siret", "code_tva", "email", "telephone", "portable", "fax",
                        "site_web", "notes", "preferences", "date_premier_achat",
                        "date_dernier_achat", "date_derniere_connexion", "total_achats",
                        "nombre_commandes", "total_remises", "chiffre_affaire", "points_fidelite",
                        "niveau_fidelite", "statut", "source", "metadata", "id", "updated_at",
                        "created_at") values (019f0241-a02c-734a-822f-a689f5051fac, particulier, M.,
                        Hickle, Nadia, Gulgowski, Medhurst and Nitzsche, 1700637260827, VI928708031,
                        schmitt.raymond@example.org, +14402977882, +19383275450, (657) 828-4062,
                        http://herman.com/, Dolore aut error sunt molestiae velit vel. Dolor aut
                        vero earum quod mollitia. Deleniti ea et ea dolorem aut provident
                        exercitationem architecto. Modi aliquid voluptas dolorum magnam non.,
                        {"language":"es","currency":"GBP"}, 2024-12-30 19:26:53, 2025-09-10
                        05:58:38, 2026-02-05 17:03:48, 8882.75, 46, 391.15, 37719.85, 2254, or,
                        suspendu, instagram,
                        {"created_from_ip":"45.246.98.226","referral_code":"error"},
                        019f0241-a02e-71b4-b341-f4eaeb9521a2, 2026-06-26 04:48:03, 2026-06-26
                        04:48:03))&#13;
                        at vendor\laravel\framework\src\Illuminate\Database\Connection.php:587
                        at vendor\laravel\framework\src\Illuminate\Database\Connection.php:832
                        at vendor\laravel\framework\src\Illuminate\Database\Connection.php:799
                        at vendor\laravel\framework\src\Illuminate\Database\Connection.php:576
                        at vendor\laravel\framework\src\Illuminate\Database\Connection.php:540
                        at vendor\laravel\framework\src\Illuminate\Database\Query\Builder.php:4164
                        at
                        vendor\laravel\framework\src\Illuminate\Database\Eloquent\Builder.php:2271
                        at vendor\laravel\framework\src\Illuminate\Database\Eloquent\Model.php:1589
[...]
                        at vendor\laravel\framework\src\Illuminate\Database\Eloquent\Model.php:1382
                        at
                        vendor\laravel\framework\src\Illuminate\Database\Eloquent\Factories\Factory.php:379
                        at
                        vendor\laravel\framework\src\Illuminate\Collections\Traits\EnumeratesValues.php:275
                        at
                        vendor\laravel\framework\src\Illuminate\Database\Eloquent\Factories\Factory.php:374
                        at
                        vendor\laravel\framework\src\Illuminate\Database\Eloquent\Factories\Factory.php:330
                        at
                        vendor\laravel\framework\src\Illuminate\Database\Eloquent\Factories\Factory.php:592
                        at vendor\laravel\framework\src\Illuminate\Collections\Arr.php:842
                        at vendor\laravel\framework\src\Illuminate\Collections\Collection.php:827
                        at
                        vendor\laravel\framework\src\Illuminate\Database\Eloquent\Factories\Factory.php:584
                        at
                        vendor\laravel\framework\src\Illuminate\Database\Eloquent\Factories\Factory.php:538
                        at
                        vendor\laravel\framework\src\Illuminate\Database\Eloquent\Factories\Factory.php:522
                        at
                        vendor\laravel\framework\src\Illuminate\Database\Eloquent\Concerns\GuardsAttributes.php:185
                        at
                        vendor\laravel\framework\src\Illuminate\Database\Eloquent\Factories\Factory.php:521
                        at
                        vendor\laravel\framework\src\Illuminate\Database\Eloquent\Factories\Factory.php:438
                        at
                        vendor\laravel\framework\src\Illuminate\Database\Eloquent\Factories\Factory.php:327
                        at
                        vendor\laravel\framework\src\Illuminate\Database\Eloquent\Factories\Factory.php:324
                        at tests\Feature\VendorSecurityHardeningTest.php:35</error>
                </testcase>
                <testcase
                    name="vendor request status endpoint waits until subscription exists before returning sso url"
                    file="tests\Feature\VendorSecurityHardeningTest.php::vendor request status endpoint waits until subscription exists before returning sso url"
                    class="Tests\Feature\VendorSecurityHardeningTest"
                    classname="Tests.Feature.VendorSecurityHardeningTest" assertions="3"
                    time="0.315150" />
                <testcase name="vendor success page is forbidden for non owner"
                    file="tests\Feature\VendorSecurityHardeningTest.php::vendor success page is forbidden for non owner"
                    class="Tests\Feature\VendorSecurityHardeningTest"
                    classname="Tests.Feature.VendorSecurityHardeningTest" assertions="0"
                    time="0.220428">
                    <error type="Illuminate\Database\UniqueConstraintViolationException">vendor
                        success page is forbidden for non
                        ownerIlluminate\Database\UniqueConstraintViolationException:
                        SQLSTATE[23505]: Unique violation: 7 ERREUR: la valeur d'une clé dupliquée
                        rompt la contrainte unique « plans_slug_unique »
                        DETAIL: La clé « (slug)=(business) » existe déjà. (Connection: central,
                        Host: 127.0.0.1, Port: 5432, Database: yetu_test, SQL: insert into "plans"
                        ("name", "slug", "description", "highlight", "price", "currency",
                        "interval", "trial_days", "features", "limits", "sort_order", "is_active",
                        "is_featured", "is_recommended", "badge", "badge_color", "id", "updated_at",
                        "created_at") values (Business, business, Enim expedita voluptatem quasi in
                        esse provident architecto veritatis., ?, 199, CDF, month, 14, ["Produits
                        illimit\u00e9s","25 comptes personnel","Support d\u00e9di\u00e9","Nom de
                        domaine personnalis\u00e9","Tous les th\u00e8mes","Tous les modes de
                        paiement","Statistiques avanc\u00e9es","Export des donn\u00e9es","API REST +
                        Webhooks","Marketplace multi-vendeurs","Programme de
                        fid\u00e9lit\u00e9","Rapports personnalis\u00e9s","Gestion des stocks
                        avanc\u00e9e"], {"products":"Illimit\u00e9","storage":"200
                        Go","bandwidth":"2 To","staff_accounts":"25"}, 3, 1, 0, 0, ?, amber,
                        019f0242-4ce9-7156-bc4a-186eab244b52, 2026-06-26 04:48:47, 2026-06-26
                        04:48:47))&#13;
                        at vendor\laravel\framework\src\Illuminate\Database\Connection.php:587
                        at vendor\laravel\framework\src\Illuminate\Database\Connection.php:832
                        at vendor\laravel\framework\src\Illuminate\Database\Connection.php:799
                        at vendor\laravel\framework\src\Illuminate\Database\Connection.php:576
                        at vendor\laravel\framework\src\Illuminate\Database\Connection.php:540
                        at vendor\laravel\framework\src\Illuminate\Database\Query\Builder.php:4164
                        at
                        vendor\laravel\framework\src\Illuminate\Database\Eloquent\Builder.php:2271
                        at vendor\laravel\framework\src\Illuminate\Database\Eloquent\Model.php:1589
                        at vendor\laravel\framework\src\Illuminate\Database\Eloquent\Model.php:1382
                        at
                        vendor\laravel\framework\src\Illuminate\Database\Eloquent\Factories\Factory.php:379
                        at
                        vendor\laravel\framework\src\Illuminate\Collections\Traits\EnumeratesValues.php:275
                        at
                        vendor\laravel\framework\src\Illuminate\Database\Eloquent\Factories\Factory.php:374
                        at
                        vendor\laravel\framework\src\Illuminate\Database\Eloquent\Factories\Factory.php:330
                        at
                        vendor\laravel\framework\src\Illuminate\Database\Eloquent\Factories\Factory.php:592
                        at vendor\laravel\framework\src\Illuminate\Collections\Arr.php:842
                        at vendor\laravel\framework\src\Illuminate\Collections\Collection.php:827
                        at
                        vendor\laravel\framework\src\Illuminate\Database\Eloquent\Factories\Factory.php:584
                        at
                        vendor\laravel\framework\src\Illuminate\Database\Eloquent\Factories\Factory.php:538
                        at
                        vendor\laravel\framework\src\Illuminate\Database\Eloquent\Factories\Factory.php:522
                        at
                        vendor\laravel\framework\src\Illuminate\Database\Eloquent\Concerns\GuardsAttributes.php:185
                        at
                        vendor\laravel\framework\src\Illuminate\Database\Eloquent\Factories\Factory.php:521
                        at
                        vendor\laravel\framework\src\Illuminate\Database\Eloquent\Factories\Factory.php:438
                        at
                        vendor\laravel\framework\src\Illuminate\Database\Eloquent\Factories\Factory.php:327
                        at
                        vendor\laravel\framework\src\Illuminate\Database\Eloquent\Factories\Factory.php:324
                        at tests\Feature\VendorSecurityHardeningTest.php:84
                        Caused by
                        PDOException: SQLSTATE[23505]: Unique violation: 7 ERREUR: la valeur d'une
                        clé dupliquée rompt la contrainte unique « plans_slug_unique »
                        DETAIL: La clé « (slug)=(business) » existe déjà.

                        at vendor\laravel\framework\src\Illuminate\Database\Connection.php:587
                        at vendor\laravel\framework\src\Illuminate\Database\Connection.php:832
                        at vendor\laravel\framework\src\Illuminate\Database\Connection.php:799
                        at vendor\laravel\framework\src\Illuminate\Database\Connection.php:576
                        at vendor\laravel\framework\src\Illuminate\Database\Connection.php:540
                        at vendor\laravel\framework\src\Illuminate\Database\Query\Builder.php:4164
                        at
                        vendor\laravel\framework\src\Illuminate\Database\Eloquent\Builder.php:2271
                        at vendor\laravel\framework\src\Illuminate\Database\Eloquent\Model.php:1589
                        at vendor\laravel\framework\src\Illuminate\Database\Eloquent\Model.php:1382
                        at
                        vendor\laravel\framework\src\Illuminate\Database\Eloquent\Factories\Factory.php:379
                        at
                        vendor\laravel\framework\src\Illuminate\Collections\Traits\EnumeratesValues.php:275
                        at
                        vendor\laravel\framework\src\Illuminate\Database\Eloquent\Factories\Factory.php:374
                        at
                        vendor\laravel\framework\src\Illuminate\Database\Eloquent\Factories\Factory.php:330
                        at
                        vendor\laravel\framework\src\Illuminate\Database\Eloquent\Factories\Factory.php:592
                        at vendor\laravel\framework\src\Illuminate\Collections\Arr.php:842
                        at vendor\laravel\framework\src\Illuminate\Collections\Collection.php:827
                        at
                        vendor\laravel\framework\src\Illuminate\Database\Eloquent\Factories\Factory.php:584
                        at
                        vendor\laravel\framework\src\Illuminate\Database\Eloquent\Factories\Factory.php:538
                        at
                        vendor\laravel\framework\src\Illuminate\Database\Eloquent\Factories\Factory.php:522
                        at
                        vendor\laravel\framework\src\Illuminate\Database\Eloquent\Concerns\GuardsAttributes.php:185
                        at
                        vendor\laravel\framework\src\Illuminate\Database\Eloquent\Factories\Factory.php:521
                        at
                        vendor\laravel\framework\src\Illuminate\Database\Eloquent\Factories\Factory.php:438
                        at
                        vendor\laravel\framework\src\Illuminate\Database\Eloquent\Factories\Factory.php:327
                        at
                        vendor\laravel\framework\src\Illuminate\Database\Eloquent\Factories\Factory.php:324
                        at tests\Feature\VendorSecurityHardeningTest.php:84</error>
                </testcase>
                <testcase
                    name="vendor payment success is forbidden when checkout metadata belongs to another user"
                    file="tests\Feature\VendorSecurityHardeningTest.php::vendor payment success is forbidden when checkout metadata belongs to another user"
                    class="Tests\Feature\VendorSecurityHardeningTest"
                    classname="Tests.Feature.VendorSecurityHardeningTest" assertions="0"
                    time="0.192665">
                    <error type="Illuminate\Database\UniqueConstraintViolationException">vendor
                        payment success is forbidden when checkout metadata belongs to another
                        userIlluminate\Database\UniqueConstraintViolationException: SQLSTATE[23505]:
                        Unique violation: 7 ERREUR: la valeur d'une clé dupliquée rompt la
                        contrainte unique « plans_slug_unique »
                        DETAIL: La clé « (slug)=(enterprise) » existe déjà. (Connection: central,
                        Host: 127.0.0.1, Port: 5432, Database: yetu_test, SQL: insert into "plans"
                        ("name", "slug", "description", "highlight", "price", "currency",
                        "interval", "trial_days", "features", "limits", "sort_order", "is_active",
                        "is_featured", "is_recommended", "badge", "badge_color", "id", "updated_at",
                        "created_at") values (Enterprise, enterprise, Voluptatem dolor consequatur
                        perspiciatis aut vitae., ?, 499, CDF, month, 14, ["Produits
                        illimit\u00e9s","Comptes personnel illimit\u00e9s","Support d\u00e9di\u00e9
                        24\/7","Nom de domaine personnalis\u00e9","Tous les th\u00e8mes +
                        th\u00e8mes sur mesure","Tous les modes de paiement","Statistiques
                        avanc\u00e9es + IA","Export des donn\u00e9es","API REST +
                        Webhooks","Marketplace multi-vendeurs","Programme de
                        fid\u00e9lit\u00e9","Rapports personnalis\u00e9s","Gestion des stocks
                        avanc\u00e9e","SLA garanti","Formation d\u00e9di\u00e9e"],
                        {"products":"Illimit\u00e9","storage":"Illimit\u00e9","bandwidth":"Illimit\u00e9","staff_accounts":"Illimit\u00e9"},
                        4, 1, 0, 0, ?, amber, 019f0242-4dae-738f-a568-a7fab5f6ceb2, 2026-06-26
                        04:48:47, 2026-06-26 04:48:47))&#13;
                        at vendor\laravel\framework\src\Illuminate\Database\Connection.php:587
                        at vendor\laravel\framework\src\Illuminate\Database\Connection.php:832
                        at vendor\laravel\framework\src\Illuminate\Database\Connection.php:799
                        at vendor\laravel\framework\src\Illuminate\Database\Connection.php:576
                        at vendor\laravel\framework\src\Illuminate\Database\Connection.php:540
                        at vendor\laravel\framework\src\Illuminate\Database\Query\Builder.php:4164
                        at
                        vendor\laravel\framework\src\Illuminate\Database\Eloquent\Builder.php:2271
                        at vendor\laravel\framework\src\Illuminate\Database\Eloquent\Model.php:1589
                        at vendor\laravel\framework\src\Illuminate\Database\Eloquent\Model.php:1382
                        at
                        vendor\laravel\framework\src\Illuminate\Database\Eloquent\Factories\Factory.php:379
                        at
                        vendor\laravel\framework\src\Illuminate\Collections\Traits\EnumeratesValues.php:275
                        at
                        vendor\laravel\framework\src\Illuminate\Database\Eloquent\Factories\Factory.php:374
                        at
                        vendor\laravel\framework\src\Illuminate\Database\Eloquent\Factories\Factory.php:330
                        at
                        vendor\laravel\framework\src\Illuminate\Database\Eloquent\Factories\Factory.php:592
                        at vendor\laravel\framework\src\Illuminate\Collections\Arr.php:842
                        at vendor\laravel\framework\src\Illuminate\Collections\Collection.php:827
                        at
                        vendor\laravel\framework\src\Illuminate\Database\Eloquent\Factories\Factory.php:584
                        at
                        vendor\laravel\framework\src\Illuminate\Database\Eloquent\Factories\Factory.php:538
                        at
                        vendor\laravel\framework\src\Illuminate\Database\Eloquent\Factories\Factory.php:522
                        at
                        vendor\laravel\framework\src\Illuminate\Database\Eloquent\Concerns\GuardsAttributes.php:185
                        at
                        vendor\laravel\framework\src\Illuminate\Database\Eloquent\Factories\Factory.php:521
                        at
                        vendor\laravel\framework\src\Illuminate\Database\Eloquent\Factories\Factory.php:438
                        at
                        vendor\laravel\framework\src\Illuminate\Database\Eloquent\Factories\Factory.php:327
                        at
                        vendor\laravel\framework\src\Illuminate\Database\Eloquent\Factories\Factory.php:324
                        at tests\Feature\VendorSecurityHardeningTest.php:97
                        Caused by
                        PDOException: SQLSTATE[23505]: Unique violation: 7 ERREUR: la valeur d'une
                        clé dupliquée rompt la contrainte unique « plans_slug_unique »
                        DETAIL: La clé « (slug)=(enterprise) » existe déjà.

                        at vendor\laravel\framework\src\Illuminate\Database\Connection.php:587
                        at vendor\laravel\framework\src\Illuminate\Database\Connection.php:832
                        at vendor\laravel\framework\src\Illuminate\Database\Connection.php:799
                        at vendor\laravel\framework\src\Illuminate\Database\Connection.php:576
                        at vendor\laravel\framework\src\Illuminate\Database\Connection.php:540
                        at vendor\laravel\framework\src\Illuminate\Database\Query\Builder.php:4164
                        at
                        vendor\laravel\framework\src\Illuminate\Database\Eloquent\Builder.php:2271
                        at vendor\laravel\framework\src\Illuminate\Database\Eloquent\Model.php:1589
                        at vendor\laravel\framework\src\Illuminate\Database\Eloquent\Model.php:1382
                        at
                        vendor\laravel\framework\src\Illuminate\Database\Eloquent\Factories\Factory.php:379
                        at
                        vendor\laravel\framework\src\Illuminate\Collections\Traits\EnumeratesValues.php:275
                        at
                        vendor\laravel\framework\src\Illuminate\Database\Eloquent\Factories\Factory.php:374
                        at
                        vendor\laravel\framework\src\Illuminate\Database\Eloquent\Factories\Factory.php:330
                        at
                        vendor\laravel\framework\src\Illuminate\Database\Eloquent\Factories\Factory.php:592
                        at vendor\laravel\framework\src\Illuminate\Collections\Arr.php:842
                        at vendor\laravel\framework\src\Illuminate\Collections\Collection.php:827
                        at
                        vendor\laravel\framework\src\Illuminate\Database\Eloquent\Factories\Factory.php:584
                        at
                        vendor\laravel\framework\src\Illuminate\Database\Eloquent\Factories\Factory.php:538
                        at
                        vendor\laravel\framework\src\Illuminate\Database\Eloquent\Factories\Factory.php:522
                        at
                        vendor\laravel\framework\src\Illuminate\Database\Eloquent\Concerns\GuardsAttributes.php:185
                        at
                        vendor\laravel\framework\src\Illuminate\Database\Eloquent\Factories\Factory.php:521
                        at
                        vendor\laravel\framework\src\Illuminate\Database\Eloquent\Factories\Factory.php:438
                        at
                        vendor\laravel\framework\src\Illuminate\Database\Eloquent\Factories\Factory.php:327
                        at
                        vendor\laravel\framework\src\Illuminate\Database\Eloquent\Factories\Factory.php:324
                        at tests\Feature\VendorSecurityHardeningTest.php:97</error>
                </testcase>
            </testsuite>
        </testsuite>
    </testsuite>
</testsuites>
